<?xml version="1.0" encoding="UTF-8"?>
<!-- Generated by org.testng.reporters.JUnitReportReporter -->
<testsuite hostname="LAPTOP-95NO9S2C" failures="0" tests="1" name="kdf.Application" time="18.708" errors="0" timestamp="2021-06-20T20:41:52 IST" skipped="0">
  <testcase classname="kdf.Application" name="invalidLoginTest" time="18.708"/>
  <system-out/>
</testsuite> <!-- kdf.Application -->
